<?xml version="1.0" encoding="UTF-8"?>
<!-- Generated by org.testng.reporters.JUnitReportReporter -->
<testsuite hostname="HDC3-D-514SLSM" failures="0" tests="1" name="Innovations.innovationsPortal.Testprint" time="0.095" errors="0" timestamp="30 Mar 2018 05:39:05 GMT">
  <testcase classname="Innovations.innovationsPortal.Testprint" name="print" time="0.095"/>
</testsuite> <!-- Innovations.innovationsPortal.Testprint -->
