<?xml version="1.0" encoding="UTF-8"?>
<!-- Generated by org.testng.reporters.JUnitReportReporter -->
<testsuite hostname="HDC3-D-514SLSM" failures="0" tests="1" name="innovationsPortal.test" time="0.043" errors="0" timestamp="30 Mar 2018 07:30:56 GMT">
  <testcase classname="innovationsPortal.test" name="test1" time="0.043"/>
</testsuite> <!-- innovationsPortal.test -->
